xfs: fshelp
fshelp:
videotest_checksum: video_fb font functional_test
procfs: archelp
offsetio:
lsefisystab:
gcry_seed: crypto
ufs2:
tr: extcmd
lsacpi: extcmd acpi
gfxterm_background: extcmd gfxterm bitmap video video_colors bitmap_scale
file: offsetio extcmd elf macho
xnu_uuid: gcry_md5
part_sunpc:
extcmd:
echo: extcmd
btrfs: gzio lzopio raid6rec zstd
read:
priority_queue:
lsefimmap:
gcry_dsa: mpi pgp
ctz_test: functional_test
zfs: gzio
progress: normal
minix:
setjmp:
macbless: disk
hfspluscomp: gzio hfsplus
gcry_rsa: mpi pgp
cat: extcmd
videotest: font video gfxmenu
sleep: extcmd normal
reiserfs: fshelp
div:
testload:
search_fs_uuid:
part_dvh:
gcry_md5: crypto
gcry_arcfour: crypto
fdt:
ufs1_be:
part_acorn:
gfxterm: font video
cpio_be: archelp
scsi:
memdisk:
crc64: crypto
tpm:
gcry_idea: crypto
cmp_test: functional_test
video_fb:
sfs: fshelp
zfscrypt: extcmd zfs crypto pbkdf2 gcry_rijndael gcry_sha1
udf: fshelp
datehook: datetime normal
adler32: crypto
setjmp_test: setjmp functional_test
ntfscomp: ntfs
eval: normal
videoinfo: video
pbkdf2: crypto
password_pbkdf2: crypto pbkdf2 normal gcry_sha512
font: bufio video
datetime:
crypto:
strtoull_test: functional_test
mdraid09_be: diskfilter
shim_lock:
normal: extcmd crypto boot bufio gettext terminal
tftp: net
gcry_whirlpool: crypto
fat: fshelp
boot:
ufs1:
cpio: archelp
chain: boot net efinet
tga: bufio bitmap
odc: archelp
regexp: extcmd normal
password: crypto normal
ntfs: fshelp
net: priority_queue datetime boot bufio
loadenv: extcmd disk
gzio: gcry_crc
archelp:
kernel:
gptsync: disk
date: datetime normal
mul_test: functional_test
bufio:
acpi: extcmd mmap
png: bufio bitmap
minix2:
linux: fdt boot
gcry_des: crypto
gcry_blowfish: crypto
part_plan:
part_bsd: part_msdos
lvm: diskfilter
lsefi:
gcry_tiger: crypto
blocklist:
xzio: crypto
nilfs2: fshelp
lsmmap: mmap
gcry_cast5: crypto
testspeed: extcmd normal
squash4: fshelp gzio xzio lzopio
msdospart: disk parttool
lzopio: crypto
gfxterm_menu: procfs video_fb font normal functional_test
gcry_sha256: crypto
affs: fshelp
syslinuxcfg: extcmd normal
part_amiga:
part_apple:
mpi: crypto
jpeg: bufio bitmap
gcry_rmd160: crypto
efifwsetup:
cbfs: archelp
time:
lssal:
loopback: extcmd
disk:
true:
test:
part_sun:
part_msdos:
http: net
part_gpt:
elf:
diskfilter:
bitmap:
cmp:
ls: extcmd normal
search: extcmd search_fs_uuid search_fs_file search_label
raid6rec: diskfilter
minix3_be:
memrw: extcmd
zstd:
raid5rec: diskfilter
hello: extcmd
video:
shift_test: functional_test
minix2_be:
hashsum: extcmd crypto normal
video_colors:
mdraid1x: diskfilter
gcry_twofish: crypto
gcry_sha512: crypto
cryptodisk: procfs extcmd crypto
parttool: normal
mmap:
minix3:
gfxmenu: gfxterm font normal bitmap video video_colors bitmap_scale trig
dm_nv: diskfilter
search_fs_file:
luks: pbkdf2 crypto cryptodisk
ldm: part_msdos part_gpt diskfilter
hfsplus: fshelp
hfs: fshelp
hexdump: extcmd
gettext:
gcry_rijndael: crypto
terminal:
probe: extcmd
functional_test: extcmd btrfs video_fb video
minicmd:
geli: crypto pbkdf2 gcry_sha256 cryptodisk gcry_sha512
gcry_rfc2268: crypto
f2fs: fshelp
ext2: fshelp
terminfo: extcmd
gcry_crc: crypto
gcry_camellia: crypto
bitmap_scale: bitmap
part_dfly:
efinet: net
xen_boot: fdt boot linux
sleep_test: datetime functional_test
div_test: div functional_test
zfsinfo: zfs
newc: archelp
keystatus: extcmd
jfs:
gcry_md4: crypto
mdraid09: diskfilter
iso9660: fshelp
cmdline_cat_test: procfs video_fb font normal functional_test
bswap_test: functional_test
afs: fshelp
search_label:
reboot:
pgp: extcmd crypto mpi gcry_sha1
efi_gop: video_fb video
xnu_uuid_test: functional_test
test_blockarg: extcmd normal
serial: extcmd terminfo
configfile: normal
romfs: fshelp
minix_be:
help: extcmd normal
halt:
gcry_sha1: crypto
trig:
tar: archelp
pbkdf2_test: pbkdf2 functional_test gcry_sha1
macho:
signature_test: procfs functional_test
gcry_serpent: crypto
bfs: fshelp
exfctest: functional_test
exfat: fshelp
all_video: efi_gop
